<?xml version="1.0" encoding="UTF-8"?>
<testsuite name="com.appreciateme.usersservice.UserServiceTests" tests="5" skipped="0" failures="0" errors="0" timestamp="2022-10-20T13:28:46" hostname="C12422" time="0.007">
  <properties/>
  <testcase name="getUserByMail_UserWasFound_thenReturnValidUser()" classname="com.appreciateme.usersservice.UserServiceTests" time="0.004"/>
  <testcase name="getUserById_UserWasNotFound_ThenReturnValidUser()" classname="com.appreciateme.usersservice.UserServiceTests" time="0.001"/>
  <testcase name="getUserByMail_UserWasNotFound_ThenReturnValidUser()" classname="com.appreciateme.usersservice.UserServiceTests" time="0.0"/>
  <testcase name="getUserById_UserWasFound_thenReturnValidUser()" classname="com.appreciateme.usersservice.UserServiceTests" time="0.001"/>
  <testcase name="getAllUsers_thenReturnList()" classname="com.appreciateme.usersservice.UserServiceTests" time="0.0"/>
  <system-out><![CDATA[]]></system-out>
  <system-err><![CDATA[]]></system-err>
</testsuite>
