<?xml version="1.0" encoding="UTF-8"?>
<testsuite name="com.appreciateme.usersservice.UsersServiceApplicationTests" tests="1" skipped="0" failures="0" errors="0" timestamp="2022-10-20T13:28:46" hostname="C12422" time="0.002">
  <properties/>
  <testcase name="contextLoads()" classname="com.appreciateme.usersservice.UsersServiceApplicationTests" time="0.002"/>
  <system-out><![CDATA[2022-10-20 15:28:46.137  INFO 5420 --- [    Test worker] .b.t.c.SpringBootTestContextBootstrapper : Neither @ContextConfiguration nor @ContextHierarchy found for test class [com.appreciateme.usersservice.UsersServiceApplicationTests], using SpringBootContextLoader
2022-10-20 15:28:46.137  INFO 5420 --- [    Test worker] o.s.t.c.support.AbstractContextLoader    : Could not detect default resource locations for test class [com.appreciateme.usersservice.UsersServiceApplicationTests]: no resource found for suffixes {-context.xml, Context.groovy}.
2022-10-20 15:28:46.137  INFO 5420 --- [    Test worker] t.c.s.AnnotationConfigContextLoaderUtils : Could not detect default configuration classes for test class [com.appreciateme.usersservice.UsersServiceApplicationTests]: UsersServiceApplicationTests does not declare any static, non-private, non-final, nested classes annotated with @Configuration.
2022-10-20 15:28:46.138  INFO 5420 --- [    Test worker] .b.t.c.SpringBootTestContextBootstrapper : Found @SpringBootConfiguration com.appreciateme.usersservice.UsersServiceApplication for test class com.appreciateme.usersservice.UsersServiceApplicationTests
2022-10-20 15:28:46.140  INFO 5420 --- [    Test worker] .b.t.c.SpringBootTestContextBootstrapper : Loaded default TestExecutionListener class names from location [META-INF/spring.factories]: [org.springframework.boot.test.autoconfigure.restdocs.RestDocsTestExecutionListener, org.springframework.boot.test.autoconfigure.web.client.MockRestServiceServerResetTestExecutionListener, org.springframework.boot.test.autoconfigure.web.servlet.MockMvcPrintOnlyOnFailureTestExecutionListener, org.springframework.boot.test.autoconfigure.web.servlet.WebDriverTestExecutionListener, org.springframework.boot.test.autoconfigure.webservices.client.MockWebServiceServerTestExecutionListener, org.springframework.boot.test.mock.mockito.MockitoTestExecutionListener, org.springframework.boot.test.mock.mockito.ResetMocksTestExecutionListener, org.springframework.test.context.web.ServletTestExecutionListener, org.springframework.test.context.support.DirtiesContextBeforeModesTestExecutionListener, org.springframework.test.context.event.ApplicationEventsTestExecutionListener, org.springframework.test.context.support.DependencyInjectionTestExecutionListener, org.springframework.test.context.support.DirtiesContextTestExecutionListener, org.springframework.test.context.transaction.TransactionalTestExecutionListener, org.springframework.test.context.jdbc.SqlScriptsTestExecutionListener, org.springframework.test.context.event.EventPublishingTestExecutionListener]
2022-10-20 15:28:46.140  INFO 5420 --- [    Test worker] .b.t.c.SpringBootTestContextBootstrapper : Using TestExecutionListeners: [org.springframework.test.context.web.ServletTestExecutionListener@7c226095, org.springframework.test.context.support.DirtiesContextBeforeModesTestExecutionListener@7ea07516, org.springframework.test.context.event.ApplicationEventsTestExecutionListener@30af23fd, org.springframework.boot.test.mock.mockito.MockitoTestExecutionListener@65fc8edc, org.springframework.boot.test.autoconfigure.SpringBootDependencyInjectionTestExecutionListener@a357c3e, org.springframework.test.context.support.DirtiesContextTestExecutionListener@7740b0ab, org.springframework.test.context.transaction.TransactionalTestExecutionListener@3eb9c575, org.springframework.test.context.jdbc.SqlScriptsTestExecutionListener@3f322610, org.springframework.test.context.event.EventPublishingTestExecutionListener@1e477944, org.springframework.boot.test.autoconfigure.restdocs.RestDocsTestExecutionListener@6cf047cf, org.springframework.boot.test.autoconfigure.web.client.MockRestServiceServerResetTestExecutionListener@1c92a549, org.springframework.boot.test.autoconfigure.web.servlet.MockMvcPrintOnlyOnFailureTestExecutionListener@323e026d, org.springframework.boot.test.autoconfigure.web.servlet.WebDriverTestExecutionListener@1716c037, org.springframework.boot.test.autoconfigure.webservices.client.MockWebServiceServerTestExecutionListener@79b63325, org.springframework.boot.test.mock.mockito.ResetMocksTestExecutionListener@708769b7]

  .   ____          _            __ _ _
 /\\ / ___'_ __ _ _(_)_ __  __ _ \ \ \ \
( ( )\___ | '_ | '_| | '_ \/ _` | \ \ \ \
 \\/  ___)| |_)| | | | | || (_| |  ) ) ) )
  '  |____| .__|_| |_|_| |_\__, | / / / /
 =========|_|==============|___/=/_/_/_/
 :: Spring Boot ::                (v2.7.4)

2022-10-20 15:28:46.150  INFO 5420 --- [    Test worker] c.a.u.UsersServiceApplicationTests       : Starting UsersServiceApplicationTests using Java 18.0.1.1 on C12422 with PID 5420 (started by abaranski in /Users/abaranski/internship/appreciate-me/feature-user-service)
2022-10-20 15:28:46.150  INFO 5420 --- [    Test worker] c.a.u.UsersServiceApplicationTests       : No active profile set, falling back to 1 default profile: "default"
2022-10-20 15:28:46.238  INFO 5420 --- [    Test worker] .s.d.r.c.RepositoryConfigurationDelegate : Bootstrapping Spring Data MongoDB repositories in DEFAULT mode.
2022-10-20 15:28:46.257  INFO 5420 --- [    Test worker] .s.d.r.c.RepositoryConfigurationDelegate : Finished Spring Data repository scanning in 17 ms. Found 1 MongoDB repository interfaces.
2022-10-20 15:28:46.360  INFO 5420 --- [    Test worker] org.mongodb.driver.client                : MongoClient with metadata {"driver": {"name": "mongo-java-driver|sync|spring-boot", "version": "4.6.1"}, "os": {"type": "Darwin", "name": "Mac OS X", "architecture": "aarch64", "version": "12.5.1"}, "platform": "Java/Homebrew/18.0.1.1+0"} created with settings MongoClientSettings{readPreference=primary, writeConcern=WriteConcern{w=null, wTimeout=null ms, journal=null}, retryWrites=true, retryReads=true, readConcern=ReadConcern{level=null}, credential=null, streamFactoryFactory=null, commandListeners=[], codecRegistry=ProvidersCodecRegistry{codecProviders=[ValueCodecProvider{}, BsonValueCodecProvider{}, DBRefCodecProvider{}, DBObjectCodecProvider{}, DocumentCodecProvider{}, IterableCodecProvider{}, MapCodecProvider{}, GeoJsonCodecProvider{}, GridFSFileCodecProvider{}, Jsr310CodecProvider{}, JsonObjectCodecProvider{}, BsonCodecProvider{}, EnumCodecProvider{}, com.mongodb.Jep395RecordCodecProvider@1214c98b]}, clusterSettings={hosts=[localhost:27017], srvServiceName=mongodb, mode=SINGLE, requiredClusterType=UNKNOWN, requiredReplicaSetName='null', serverSelector='null', clusterListeners='[]', serverSelectionTimeout='30000 ms', localThreshold='30000 ms'}, socketSettings=SocketSettings{connectTimeoutMS=10000, readTimeoutMS=0, receiveBufferSize=0, sendBufferSize=0}, heartbeatSocketSettings=SocketSettings{connectTimeoutMS=10000, readTimeoutMS=10000, receiveBufferSize=0, sendBufferSize=0}, connectionPoolSettings=ConnectionPoolSettings{maxSize=100, minSize=0, maxWaitTimeMS=120000, maxConnectionLifeTimeMS=0, maxConnectionIdleTimeMS=0, maintenanceInitialDelayMS=0, maintenanceFrequencyMS=60000, connectionPoolListeners=[], maxConnecting=2}, serverSettings=ServerSettings{heartbeatFrequencyMS=10000, minHeartbeatFrequencyMS=500, serverListeners='[]', serverMonitorListeners='[]'}, sslSettings=SslSettings{enabled=false, invalidHostNameAllowed=false, context=null}, applicationName='null', compressorList=[], uuidRepresentation=JAVA_LEGACY, serverApi=null, autoEncryptionSettings=null, contextProvider=null}
2022-10-20 15:28:46.371  INFO 5420 --- [localhost:27017] org.mongodb.driver.connection            : Opened connection [connectionId{localValue:1, serverValue:82}] to localhost:27017
2022-10-20 15:28:46.371  INFO 5420 --- [localhost:27017] org.mongodb.driver.connection            : Opened connection [connectionId{localValue:2, serverValue:81}] to localhost:27017
2022-10-20 15:28:46.371  INFO 5420 --- [localhost:27017] org.mongodb.driver.cluster               : Monitor thread successfully connected to server with description ServerDescription{address=localhost:27017, type=STANDALONE, state=CONNECTED, ok=true, minWireVersion=0, maxWireVersion=17, maxDocumentSize=16777216, logicalSessionTimeoutMinutes=30, roundTripTimeNanos=9439416}
2022-10-20 15:28:46.647  INFO 5420 --- [    Test worker] c.a.u.UsersServiceApplicationTests       : Started UsersServiceApplicationTests in 0.506 seconds (JVM running for 2.063)
]]></system-out>
  <system-err><![CDATA[]]></system-err>
</testsuite>
