<?xml version="1.0" encoding="UTF-8"?>
<testsuite name="com.appreciateme.usersservice.UserControllerTests" tests="9" skipped="0" failures="0" errors="0" timestamp="2022-10-20T13:28:45" hostname="C12422" time="0.142">
  <properties/>
  <testcase name="getUserByBothNames_GET_userDoesNotExist_thenReturnStatusNotFound()" classname="com.appreciateme.usersservice.UserControllerTests" time="0.047"/>
  <testcase name="getUserByEmail_GET_userExists_thenReturnStatusOk()" classname="com.appreciateme.usersservice.UserControllerTests" time="0.043"/>
  <testcase name="createValidUser_POST_thenReturnStatusCreated()" classname="com.appreciateme.usersservice.UserControllerTests" time="0.023"/>
  <testcase name="getUserById_GET_userExists_thenReturnStatusOk()" classname="com.appreciateme.usersservice.UserControllerTests" time="0.003"/>
  <testcase name="getUserByBothNames_GET_userExists_thenReturnStatusOk()" classname="com.appreciateme.usersservice.UserControllerTests" time="0.006"/>
  <testcase name="createInvalidUser_POST_thenReturnStatusBadRequest()" classname="com.appreciateme.usersservice.UserControllerTests" time="0.003"/>
  <testcase name="getUserById_GET_userDoesNotExist_thenReturnStatusNotFound()" classname="com.appreciateme.usersservice.UserControllerTests" time="0.004"/>
  <testcase name="getAllUsers_GET_thenReturnStatusOk()" classname="com.appreciateme.usersservice.UserControllerTests" time="0.004"/>
  <testcase name="getUserByEmail_GET_userDoesNotExist_thenReturnStatusNotFound()" classname="com.appreciateme.usersservice.UserControllerTests" time="0.002"/>
  <system-out><![CDATA[15:28:44.952 [Test worker] DEBUG org.springframework.test.context.BootstrapUtils - Instantiating CacheAwareContextLoaderDelegate from class [org.springframework.test.context.cache.DefaultCacheAwareContextLoaderDelegate]
15:28:44.956 [Test worker] DEBUG org.springframework.test.context.BootstrapUtils - Instantiating BootstrapContext using constructor [public org.springframework.test.context.support.DefaultBootstrapContext(java.lang.Class,org.springframework.test.context.CacheAwareContextLoaderDelegate)]
15:28:44.974 [Test worker] DEBUG org.springframework.test.context.BootstrapUtils - Instantiating TestContextBootstrapper for test class [com.appreciateme.usersservice.UserControllerTests] from class [org.springframework.boot.test.autoconfigure.web.servlet.WebMvcTestContextBootstrapper]
15:28:44.979 [Test worker] INFO org.springframework.boot.test.autoconfigure.web.servlet.WebMvcTestContextBootstrapper - Neither @ContextConfiguration nor @ContextHierarchy found for test class [com.appreciateme.usersservice.UserControllerTests], using SpringBootContextLoader
15:28:44.980 [Test worker] DEBUG org.springframework.test.context.support.AbstractContextLoader - Did not detect default resource location for test class [com.appreciateme.usersservice.UserControllerTests]: class path resource [com/appreciateme/usersservice/UserControllerTests-context.xml] does not exist
15:28:44.980 [Test worker] DEBUG org.springframework.test.context.support.AbstractContextLoader - Did not detect default resource location for test class [com.appreciateme.usersservice.UserControllerTests]: class path resource [com/appreciateme/usersservice/UserControllerTestsContext.groovy] does not exist
15:28:44.980 [Test worker] INFO org.springframework.test.context.support.AbstractContextLoader - Could not detect default resource locations for test class [com.appreciateme.usersservice.UserControllerTests]: no resource found for suffixes {-context.xml, Context.groovy}.
15:28:44.981 [Test worker] INFO org.springframework.test.context.support.AnnotationConfigContextLoaderUtils - Could not detect default configuration classes for test class [com.appreciateme.usersservice.UserControllerTests]: UserControllerTests does not declare any static, non-private, non-final, nested classes annotated with @Configuration.
15:28:45.014 [Test worker] DEBUG org.springframework.test.context.support.ActiveProfilesUtils - Could not find an 'annotation declaring class' for annotation type [org.springframework.test.context.ActiveProfiles] and class [com.appreciateme.usersservice.UserControllerTests]
15:28:45.037 [Test worker] DEBUG org.springframework.context.annotation.ClassPathScanningCandidateComponentProvider - Identified candidate component class: file [/Users/abaranski/internship/appreciate-me/feature-user-service/build/classes/java/main/com/appreciateme/usersservice/UsersServiceApplication.class]
15:28:45.038 [Test worker] INFO org.springframework.boot.test.context.SpringBootTestContextBootstrapper - Found @SpringBootConfiguration com.appreciateme.usersservice.UsersServiceApplication for test class com.appreciateme.usersservice.UserControllerTests
15:28:45.039 [Test worker] DEBUG org.springframework.boot.test.autoconfigure.web.servlet.WebMvcTestContextBootstrapper - @TestExecutionListeners is not present for class [com.appreciateme.usersservice.UserControllerTests]: using defaults.
15:28:45.039 [Test worker] INFO org.springframework.boot.test.autoconfigure.web.servlet.WebMvcTestContextBootstrapper - Loaded default TestExecutionListener class names from location [META-INF/spring.factories]: [org.springframework.boot.test.autoconfigure.restdocs.RestDocsTestExecutionListener, org.springframework.boot.test.autoconfigure.web.client.MockRestServiceServerResetTestExecutionListener, org.springframework.boot.test.autoconfigure.web.servlet.MockMvcPrintOnlyOnFailureTestExecutionListener, org.springframework.boot.test.autoconfigure.web.servlet.WebDriverTestExecutionListener, org.springframework.boot.test.autoconfigure.webservices.client.MockWebServiceServerTestExecutionListener, org.springframework.boot.test.mock.mockito.MockitoTestExecutionListener, org.springframework.boot.test.mock.mockito.ResetMocksTestExecutionListener, org.springframework.test.context.web.ServletTestExecutionListener, org.springframework.test.context.support.DirtiesContextBeforeModesTestExecutionListener, org.springframework.test.context.event.ApplicationEventsTestExecutionListener, org.springframework.test.context.support.DependencyInjectionTestExecutionListener, org.springframework.test.context.support.DirtiesContextTestExecutionListener, org.springframework.test.context.transaction.TransactionalTestExecutionListener, org.springframework.test.context.jdbc.SqlScriptsTestExecutionListener, org.springframework.test.context.event.EventPublishingTestExecutionListener]
15:28:45.046 [Test worker] INFO org.springframework.boot.test.autoconfigure.web.servlet.WebMvcTestContextBootstrapper - Using TestExecutionListeners: [org.springframework.test.context.web.ServletTestExecutionListener@6b7906b3, org.springframework.test.context.support.DirtiesContextBeforeModesTestExecutionListener@3a1dd365, org.springframework.test.context.event.ApplicationEventsTestExecutionListener@395b56bb, org.springframework.boot.test.mock.mockito.MockitoTestExecutionListener@256f8274, org.springframework.boot.test.autoconfigure.SpringBootDependencyInjectionTestExecutionListener@68044f4, org.springframework.test.context.support.DirtiesContextTestExecutionListener@52d239ba, org.springframework.test.context.transaction.TransactionalTestExecutionListener@315f43d5, org.springframework.test.context.jdbc.SqlScriptsTestExecutionListener@68fa0ba8, org.springframework.test.context.event.EventPublishingTestExecutionListener@6c5945a7, org.springframework.boot.test.autoconfigure.restdocs.RestDocsTestExecutionListener@2f05be7f, org.springframework.boot.test.autoconfigure.web.client.MockRestServiceServerResetTestExecutionListener@640f11a1, org.springframework.boot.test.autoconfigure.web.servlet.MockMvcPrintOnlyOnFailureTestExecutionListener@5c10f1c3, org.springframework.boot.test.autoconfigure.web.servlet.WebDriverTestExecutionListener@7ac2e39b, org.springframework.boot.test.autoconfigure.webservices.client.MockWebServiceServerTestExecutionListener@78365cfa, org.springframework.boot.test.mock.mockito.ResetMocksTestExecutionListener@64a8c844]
15:28:45.048 [Test worker] DEBUG org.springframework.test.context.support.AbstractDirtiesContextTestExecutionListener - Before test class: context [DefaultTestContext@47a5b70d testClass = UserControllerTests, testInstance = [null], testMethod = [null], testException = [null], mergedContextConfiguration = [WebMergedContextConfiguration@424fd310 testClass = UserControllerTests, locations = '{}', classes = '{class com.appreciateme.usersservice.UsersServiceApplication}', contextInitializerClasses = '[]', activeProfiles = '{}', propertySourceLocations = '{}', propertySourceProperties = '{org.springframework.boot.test.autoconfigure.web.servlet.WebMvcTestContextBootstrapper=true}', contextCustomizers = set[org.springframework.boot.test.autoconfigure.OverrideAutoConfigurationContextCustomizerFactory$DisableAutoConfigurationContextCustomizer@56928307, org.springframework.boot.test.autoconfigure.actuate.metrics.MetricsExportContextCustomizerFactory$DisableMetricExportContextCustomizer@38089a5a, org.springframework.boot.test.autoconfigure.filter.TypeExcludeFiltersContextCustomizer@b236aa39, org.springframework.boot.test.autoconfigure.properties.PropertyMappingContextCustomizer@f803e4b4, org.springframework.boot.test.autoconfigure.web.servlet.WebDriverContextCustomizerFactory$Customizer@73194df, [ImportsContextCustomizer@1a45193b key = [org.springframework.boot.autoconfigure.cache.CacheAutoConfiguration, org.springframework.boot.autoconfigure.context.MessageSourceAutoConfiguration, org.springframework.boot.autoconfigure.data.web.SpringDataWebAutoConfiguration, org.springframework.boot.autoconfigure.freemarker.FreeMarkerAutoConfiguration, org.springframework.boot.autoconfigure.groovy.template.GroovyTemplateAutoConfiguration, org.springframework.boot.autoconfigure.gson.GsonAutoConfiguration, org.springframework.boot.autoconfigure.hateoas.HypermediaAutoConfiguration, org.springframework.boot.autoconfigure.http.HttpMessageConvertersAutoConfiguration, org.springframework.boot.autoconfigure.jackson.JacksonAutoConfiguration, org.springframework.boot.autoconfigure.jsonb.JsonbAutoConfiguration, org.springframework.boot.autoconfigure.mustache.MustacheAutoConfiguration, org.springframework.boot.autoconfigure.task.TaskExecutionAutoConfiguration, org.springframework.boot.autoconfigure.thymeleaf.ThymeleafAutoConfiguration, org.springframework.boot.autoconfigure.validation.ValidationAutoConfiguration, org.springframework.boot.autoconfigure.web.servlet.error.ErrorMvcAutoConfiguration, org.springframework.boot.autoconfigure.web.servlet.HttpEncodingAutoConfiguration, org.springframework.boot.autoconfigure.web.servlet.WebMvcAutoConfiguration, org.springframework.boot.test.autoconfigure.web.servlet.MockMvcAutoConfiguration, org.springframework.boot.test.autoconfigure.web.servlet.MockMvcWebClientAutoConfiguration, org.springframework.boot.test.autoconfigure.web.servlet.MockMvcWebDriverAutoConfiguration, org.springframework.boot.autoconfigure.security.oauth2.client.servlet.OAuth2ClientAutoConfiguration, org.springframework.boot.autoconfigure.security.oauth2.resource.servlet.OAuth2ResourceServerAutoConfiguration, org.springframework.boot.autoconfigure.security.servlet.SecurityAutoConfiguration, org.springframework.boot.autoconfigure.security.servlet.SecurityFilterAutoConfiguration, org.springframework.boot.autoconfigure.security.servlet.UserDetailsServiceAutoConfiguration, org.springframework.boot.test.autoconfigure.web.servlet.MockMvcSecurityConfiguration, org.springframework.boot.test.autoconfigure.web.reactive.WebTestClientAutoConfiguration]], org.springframework.boot.test.context.filter.ExcludeFilterContextCustomizer@16414e40, org.springframework.boot.test.json.DuplicateJsonObjectContextCustomizerFactory$DuplicateJsonObjectContextCustomizer@46dffdc3, org.springframework.boot.test.mock.mockito.MockitoContextCustomizer@6d9741a5, org.springframework.boot.test.context.SpringBootTestArgs@1, org.springframework.boot.test.context.SpringBootTestWebEnvironment@0], resourceBasePath = 'src/main/webapp', contextLoader = 'org.springframework.boot.test.context.SpringBootContextLoader', parent = [null]], attributes = map[[empty]]], class annotated with @DirtiesContext [false] with mode [null].

  .   ____          _            __ _ _
 /\\ / ___'_ __ _ _(_)_ __  __ _ \ \ \ \
( ( )\___ | '_ | '_| | '_ \/ _` | \ \ \ \
 \\/  ___)| |_)| | | | | || (_| |  ) ) ) )
  '  |____| .__|_| |_|_| |_\__, | / / / /
 =========|_|==============|___/=/_/_/_/
 :: Spring Boot ::                (v2.7.4)

2022-10-20 15:28:45.222  INFO 5420 --- [    Test worker] c.a.usersservice.UserControllerTests     : Starting UserControllerTests using Java 18.0.1.1 on C12422 with PID 5420 (started by abaranski in /Users/abaranski/internship/appreciate-me/feature-user-service)
2022-10-20 15:28:45.223  INFO 5420 --- [    Test worker] c.a.usersservice.UserControllerTests     : No active profile set, falling back to 1 default profile: "default"
2022-10-20 15:28:45.935  INFO 5420 --- [    Test worker] o.s.b.t.m.w.SpringBootMockServletContext : Initializing Spring TestDispatcherServlet ''
2022-10-20 15:28:45.936  INFO 5420 --- [    Test worker] o.s.t.web.servlet.TestDispatcherServlet  : Initializing Servlet ''
2022-10-20 15:28:45.936  INFO 5420 --- [    Test worker] o.s.t.web.servlet.TestDispatcherServlet  : Completed initialization in 0 ms
2022-10-20 15:28:45.950  INFO 5420 --- [    Test worker] c.a.usersservice.UserControllerTests     : Started UserControllerTests in 0.883 seconds (JVM running for 1.366)
/users/findById?id=abaranski/users/findById?id=wwhite]]></system-out>
  <system-err><![CDATA[]]></system-err>
</testsuite>
