<?xml version="1.0" encoding="UTF-8"?>
<testsuite name="com.appreciateme.predefservice.PredefServiceTests" tests="1" skipped="0" failures="0" errors="0" timestamp="2022-10-20T13:28:41" hostname="C12422" time="0.173">
  <properties/>
  <testcase name="contextLoads()" classname="com.appreciateme.predefservice.PredefServiceTests" time="0.173"/>
  <system-out><![CDATA[15:28:40.654 [Test worker] DEBUG org.springframework.test.context.BootstrapUtils - Instantiating CacheAwareContextLoaderDelegate from class [org.springframework.test.context.cache.DefaultCacheAwareContextLoaderDelegate]
15:28:40.658 [Test worker] DEBUG org.springframework.test.context.BootstrapUtils - Instantiating BootstrapContext using constructor [public org.springframework.test.context.support.DefaultBootstrapContext(java.lang.Class,org.springframework.test.context.CacheAwareContextLoaderDelegate)]
15:28:40.674 [Test worker] DEBUG org.springframework.test.context.BootstrapUtils - Instantiating TestContextBootstrapper for test class [com.appreciateme.predefservice.PredefServiceTests] from class [org.springframework.boot.test.context.SpringBootTestContextBootstrapper]
15:28:40.680 [Test worker] INFO org.springframework.boot.test.context.SpringBootTestContextBootstrapper - Neither @ContextConfiguration nor @ContextHierarchy found for test class [com.appreciateme.predefservice.PredefServiceTests], using SpringBootContextLoader
15:28:40.681 [Test worker] DEBUG org.springframework.test.context.support.AbstractContextLoader - Did not detect default resource location for test class [com.appreciateme.predefservice.PredefServiceTests]: class path resource [com/appreciateme/predefservice/PredefServiceTests-context.xml] does not exist
15:28:40.682 [Test worker] DEBUG org.springframework.test.context.support.AbstractContextLoader - Did not detect default resource location for test class [com.appreciateme.predefservice.PredefServiceTests]: class path resource [com/appreciateme/predefservice/PredefServiceTestsContext.groovy] does not exist
15:28:40.682 [Test worker] INFO org.springframework.test.context.support.AbstractContextLoader - Could not detect default resource locations for test class [com.appreciateme.predefservice.PredefServiceTests]: no resource found for suffixes {-context.xml, Context.groovy}.
15:28:40.682 [Test worker] INFO org.springframework.test.context.support.AnnotationConfigContextLoaderUtils - Could not detect default configuration classes for test class [com.appreciateme.predefservice.PredefServiceTests]: PredefServiceTests does not declare any static, non-private, non-final, nested classes annotated with @Configuration.
15:28:40.698 [Test worker] DEBUG org.springframework.test.context.support.ActiveProfilesUtils - Could not find an 'annotation declaring class' for annotation type [org.springframework.test.context.ActiveProfiles] and class [com.appreciateme.predefservice.PredefServiceTests]
15:28:40.740 [Test worker] DEBUG org.springframework.context.annotation.ClassPathScanningCandidateComponentProvider - Identified candidate component class: file [/Users/abaranski/internship/appreciate-me/feature-predef-service/build/classes/java/main/com/appreciateme/predefservice/PredefServiceApplication.class]
15:28:40.741 [Test worker] INFO org.springframework.boot.test.context.SpringBootTestContextBootstrapper - Found @SpringBootConfiguration com.appreciateme.predefservice.PredefServiceApplication for test class com.appreciateme.predefservice.PredefServiceTests
15:28:40.776 [Test worker] DEBUG org.springframework.boot.test.context.SpringBootTestContextBootstrapper - @TestExecutionListeners is not present for class [com.appreciateme.predefservice.PredefServiceTests]: using defaults.
15:28:40.776 [Test worker] INFO org.springframework.boot.test.context.SpringBootTestContextBootstrapper - Loaded default TestExecutionListener class names from location [META-INF/spring.factories]: [org.springframework.boot.test.autoconfigure.restdocs.RestDocsTestExecutionListener, org.springframework.boot.test.autoconfigure.web.client.MockRestServiceServerResetTestExecutionListener, org.springframework.boot.test.autoconfigure.web.servlet.MockMvcPrintOnlyOnFailureTestExecutionListener, org.springframework.boot.test.autoconfigure.web.servlet.WebDriverTestExecutionListener, org.springframework.boot.test.autoconfigure.webservices.client.MockWebServiceServerTestExecutionListener, org.springframework.boot.test.mock.mockito.MockitoTestExecutionListener, org.springframework.boot.test.mock.mockito.ResetMocksTestExecutionListener, org.springframework.test.context.web.ServletTestExecutionListener, org.springframework.test.context.support.DirtiesContextBeforeModesTestExecutionListener, org.springframework.test.context.event.ApplicationEventsTestExecutionListener, org.springframework.test.context.support.DependencyInjectionTestExecutionListener, org.springframework.test.context.support.DirtiesContextTestExecutionListener, org.springframework.test.context.transaction.TransactionalTestExecutionListener, org.springframework.test.context.jdbc.SqlScriptsTestExecutionListener, org.springframework.test.context.event.EventPublishingTestExecutionListener]
15:28:40.782 [Test worker] INFO org.springframework.boot.test.context.SpringBootTestContextBootstrapper - Using TestExecutionListeners: [org.springframework.test.context.web.ServletTestExecutionListener@5c87bfe2, org.springframework.test.context.support.DirtiesContextBeforeModesTestExecutionListener@2fea7088, org.springframework.test.context.event.ApplicationEventsTestExecutionListener@40499e4f, org.springframework.boot.test.mock.mockito.MockitoTestExecutionListener@51cd7ffc, org.springframework.boot.test.autoconfigure.SpringBootDependencyInjectionTestExecutionListener@30d4b288, org.springframework.test.context.support.DirtiesContextTestExecutionListener@4cc6fa2a, org.springframework.test.context.transaction.TransactionalTestExecutionListener@40f1be1b, org.springframework.test.context.jdbc.SqlScriptsTestExecutionListener@7a791b66, org.springframework.test.context.event.EventPublishingTestExecutionListener@6f2cb653, org.springframework.boot.test.autoconfigure.restdocs.RestDocsTestExecutionListener@14c01636, org.springframework.boot.test.autoconfigure.web.client.MockRestServiceServerResetTestExecutionListener@590c73d3, org.springframework.boot.test.autoconfigure.web.servlet.MockMvcPrintOnlyOnFailureTestExecutionListener@6b9ce1bf, org.springframework.boot.test.autoconfigure.web.servlet.WebDriverTestExecutionListener@61884cb1, org.springframework.boot.test.autoconfigure.webservices.client.MockWebServiceServerTestExecutionListener@75ed9710, org.springframework.boot.test.mock.mockito.ResetMocksTestExecutionListener@4fc5e095]
15:28:40.784 [Test worker] DEBUG org.springframework.test.context.support.AbstractDirtiesContextTestExecutionListener - Before test class: context [DefaultTestContext@3f053c80 testClass = PredefServiceTests, testInstance = [null], testMethod = [null], testException = [null], mergedContextConfiguration = [WebMergedContextConfiguration@6c6c5427 testClass = PredefServiceTests, locations = '{}', classes = '{class com.appreciateme.predefservice.PredefServiceApplication}', contextInitializerClasses = '[]', activeProfiles = '{}', propertySourceLocations = '{}', propertySourceProperties = '{org.springframework.boot.test.context.SpringBootTestContextBootstrapper=true}', contextCustomizers = set[org.springframework.boot.test.autoconfigure.actuate.metrics.MetricsExportContextCustomizerFactory$DisableMetricExportContextCustomizer@3148f668, org.springframework.boot.test.autoconfigure.properties.PropertyMappingContextCustomizer@0, org.springframework.boot.test.autoconfigure.web.servlet.WebDriverContextCustomizerFactory$Customizer@6f7923a5, org.springframework.boot.test.context.filter.ExcludeFilterContextCustomizer@20ca951f, org.springframework.boot.test.json.DuplicateJsonObjectContextCustomizerFactory$DuplicateJsonObjectContextCustomizer@7d9e8ef7, org.springframework.boot.test.mock.mockito.MockitoContextCustomizer@0, org.springframework.boot.test.web.client.TestRestTemplateContextCustomizer@7daa0fbd, org.springframework.boot.test.context.SpringBootTestArgs@1, org.springframework.boot.test.context.SpringBootTestWebEnvironment@c0c2f8d], resourceBasePath = 'src/main/webapp', contextLoader = 'org.springframework.boot.test.context.SpringBootContextLoader', parent = [null]], attributes = map['org.springframework.test.context.web.ServletTestExecutionListener.activateListener' -> true]], class annotated with @DirtiesContext [false] with mode [null].

  .   ____          _            __ _ _
 /\\ / ___'_ __ _ _(_)_ __  __ _ \ \ \ \
( ( )\___ | '_ | '_| | '_ \/ _` | \ \ \ \
 \\/  ___)| |_)| | | | | || (_| |  ) ) ) )
  '  |____| .__|_| |_|_| |_\__, | / / / /
 =========|_|==============|___/=/_/_/_/
 :: Spring Boot ::                (v2.7.4)

2022-10-20 15:28:40.903  INFO 5414 --- [    Test worker] c.a.predefservice.PredefServiceTests     : Starting PredefServiceTests using Java 18.0.1.1 on C12422 with PID 5414 (started by abaranski in /Users/abaranski/internship/appreciate-me/feature-predef-service)
2022-10-20 15:28:40.904  INFO 5414 --- [    Test worker] c.a.predefservice.PredefServiceTests     : No active profile set, falling back to 1 default profile: "default"
2022-10-20 15:28:41.130  INFO 5414 --- [    Test worker] .s.d.r.c.RepositoryConfigurationDelegate : Bootstrapping Spring Data MongoDB repositories in DEFAULT mode.
2022-10-20 15:28:41.152  INFO 5414 --- [    Test worker] .s.d.r.c.RepositoryConfigurationDelegate : Finished Spring Data repository scanning in 20 ms. Found 1 MongoDB repository interfaces.
2022-10-20 15:28:41.344  INFO 5414 --- [    Test worker] org.mongodb.driver.client                : MongoClient with metadata {"driver": {"name": "mongo-java-driver|sync|spring-boot", "version": "4.6.1"}, "os": {"type": "Darwin", "name": "Mac OS X", "architecture": "aarch64", "version": "12.5.1"}, "platform": "Java/Homebrew/18.0.1.1+0"} created with settings MongoClientSettings{readPreference=primary, writeConcern=WriteConcern{w=null, wTimeout=null ms, journal=null}, retryWrites=true, retryReads=true, readConcern=ReadConcern{level=null}, credential=null, streamFactoryFactory=null, commandListeners=[], codecRegistry=ProvidersCodecRegistry{codecProviders=[ValueCodecProvider{}, BsonValueCodecProvider{}, DBRefCodecProvider{}, DBObjectCodecProvider{}, DocumentCodecProvider{}, IterableCodecProvider{}, MapCodecProvider{}, GeoJsonCodecProvider{}, GridFSFileCodecProvider{}, Jsr310CodecProvider{}, JsonObjectCodecProvider{}, BsonCodecProvider{}, EnumCodecProvider{}, com.mongodb.Jep395RecordCodecProvider@58606c91]}, clusterSettings={hosts=[localhost:27017], srvServiceName=mongodb, mode=SINGLE, requiredClusterType=UNKNOWN, requiredReplicaSetName='null', serverSelector='null', clusterListeners='[]', serverSelectionTimeout='30000 ms', localThreshold='30000 ms'}, socketSettings=SocketSettings{connectTimeoutMS=10000, readTimeoutMS=0, receiveBufferSize=0, sendBufferSize=0}, heartbeatSocketSettings=SocketSettings{connectTimeoutMS=10000, readTimeoutMS=10000, receiveBufferSize=0, sendBufferSize=0}, connectionPoolSettings=ConnectionPoolSettings{maxSize=100, minSize=0, maxWaitTimeMS=120000, maxConnectionLifeTimeMS=0, maxConnectionIdleTimeMS=0, maintenanceInitialDelayMS=0, maintenanceFrequencyMS=60000, connectionPoolListeners=[], maxConnecting=2}, serverSettings=ServerSettings{heartbeatFrequencyMS=10000, minHeartbeatFrequencyMS=500, serverListeners='[]', serverMonitorListeners='[]'}, sslSettings=SslSettings{enabled=false, invalidHostNameAllowed=false, context=null}, applicationName='null', compressorList=[], uuidRepresentation=JAVA_LEGACY, serverApi=null, autoEncryptionSettings=null, contextProvider=null}
2022-10-20 15:28:41.358  INFO 5414 --- [localhost:27017] org.mongodb.driver.connection            : Opened connection [connectionId{localValue:1, serverValue:80}] to localhost:27017
2022-10-20 15:28:41.358  INFO 5414 --- [localhost:27017] org.mongodb.driver.connection            : Opened connection [connectionId{localValue:2, serverValue:79}] to localhost:27017
2022-10-20 15:28:41.359  INFO 5414 --- [localhost:27017] org.mongodb.driver.cluster               : Monitor thread successfully connected to server with description ServerDescription{address=localhost:27017, type=STANDALONE, state=CONNECTED, ok=true, minWireVersion=0, maxWireVersion=17, maxDocumentSize=16777216, logicalSessionTimeoutMinutes=30, roundTripTimeNanos=12611083}
2022-10-20 15:28:41.767  INFO 5414 --- [    Test worker] c.a.predefservice.PredefServiceTests     : Started PredefServiceTests in 0.968 seconds (JVM running for 1.453)
]]></system-out>
  <system-err><![CDATA[]]></system-err>
</testsuite>
