<?xml version="1.0" encoding="UTF-8"?>
<testsuite name="com.appreciateme.credential.service.CredentialServiceTest" tests="1" skipped="0" failures="0" errors="0" timestamp="2022-11-03T10:01:06" hostname="C12422" time="0.014">
  <properties/>
  <testcase name="getCredentialByMail_mailFound_thenReturn()" classname="com.appreciateme.credential.service.CredentialServiceTest" time="0.014"/>
  <system-out><![CDATA[]]></system-out>
  <system-err><![CDATA[]]></system-err>
</testsuite>
