<?xml version="1.0" encoding="UTF-8"?>
<testsuite name="com.appreciateme.opinion.OpinionUtilsTest" tests="5" skipped="0" failures="0" errors="0" timestamp="2022-10-20T13:28:37" hostname="C12422" time="0.002">
  <properties/>
  <testcase name="[ 4] given long timestamp - when mapLongToStringDate() - return date as String" classname="com.appreciateme.opinion.OpinionUtilsTest" time="0.0"/>
  <testcase name="[ 1] given OpinionDTO - when toOpinion() - return Opinion" classname="com.appreciateme.opinion.OpinionUtilsTest" time="0.0"/>
  <testcase name="[ 3] given List&lt;Opinion&gt; - when toDtoList() - return List&lt;OpinionDTO&gt;" classname="com.appreciateme.opinion.OpinionUtilsTest" time="0.0"/>
  <testcase name="[ 5] given string date - when mapStringDateToLong() - return date as timestamp" classname="com.appreciateme.opinion.OpinionUtilsTest" time="0.001"/>
  <testcase name="[ 2] given Opinion - when toDto() - return OpinionDTO" classname="com.appreciateme.opinion.OpinionUtilsTest" time="0.0"/>
  <system-out><![CDATA[]]></system-out>
  <system-err><![CDATA[]]></system-err>
</testsuite>
