<?xml version="1.0" encoding="UTF-8"?>
<testsuite name="com.appreciateme.opinion.OpinionControllerTest" tests="13" skipped="0" failures="0" errors="0" timestamp="2022-10-20T13:28:37" hostname="C12422" time="0.154">
  <properties/>
  <testcase name="[ 3] given not existing opinion id - when GET /opinions/:id - then throw OpinionNotFoundException" classname="com.appreciateme.opinion.OpinionControllerTest" time="0.046"/>
  <testcase name="[ 9] given Opinion - when PUT /opinions - then returns status OK" classname="com.appreciateme.opinion.OpinionControllerTest" time="0.055"/>
  <testcase name="[13] given not existing opinion id - when DELETE /opinions/:id - then throw OpinionNotFoundException" classname="com.appreciateme.opinion.OpinionControllerTest" time="0.004"/>
  <testcase name="[ 4] given List&lt;Opinion&gt; - when GET /opinions/opinionUser/:id - then returns status OK" classname="com.appreciateme.opinion.OpinionControllerTest" time="0.009"/>
  <testcase name="[ 5] given List&lt;Opinion&gt; - when GET /opinions/reviewedUser/:id - then returns status OK" classname="com.appreciateme.opinion.OpinionControllerTest" time="0.004"/>
  <testcase name="[ 1] given List&lt;Opinion&gt; - when GET /opinions - then return status OK" classname="com.appreciateme.opinion.OpinionControllerTest" time="0.003"/>
  <testcase name="[11] given none - when DELETE /opinions - then returns status OK" classname="com.appreciateme.opinion.OpinionControllerTest" time="0.005"/>
  <testcase name="[ 6] given List&lt;Opinion&gt; - when GET /opinions/date/:date - then returns status OK" classname="com.appreciateme.opinion.OpinionControllerTest" time="0.002"/>
  <testcase name="[ 10] given opinion with not existing id - when PUT /opinions - then throw OpinionNotFoundException" classname="com.appreciateme.opinion.OpinionControllerTest" time="0.007"/>
  <testcase name="[ 8] given incorrect opinion - when POST /opinions - then throw IncorrectOpinionException" classname="com.appreciateme.opinion.OpinionControllerTest" time="0.004"/>
  <testcase name="[ 7] given Opinion - when POST /opinions - then returns status CREATED" classname="com.appreciateme.opinion.OpinionControllerTest" time="0.003"/>
  <testcase name="[12] given Opinion - when DELETE /opinions/:id - then returns status OK" classname="com.appreciateme.opinion.OpinionControllerTest" time="0.002"/>
  <testcase name="[ 2] given Opinion - when GET /opinions/:id - then returns status OK" classname="com.appreciateme.opinion.OpinionControllerTest" time="0.002"/>
  <system-out><![CDATA[15:28:36.445 [Test worker] DEBUG org.springframework.test.context.BootstrapUtils - Instantiating CacheAwareContextLoaderDelegate from class [org.springframework.test.context.cache.DefaultCacheAwareContextLoaderDelegate]
15:28:36.450 [Test worker] DEBUG org.springframework.test.context.BootstrapUtils - Instantiating BootstrapContext using constructor [public org.springframework.test.context.support.DefaultBootstrapContext(java.lang.Class,org.springframework.test.context.CacheAwareContextLoaderDelegate)]
15:28:36.467 [Test worker] DEBUG org.springframework.test.context.BootstrapUtils - Instantiating TestContextBootstrapper for test class [com.appreciateme.opinion.OpinionControllerTest] from class [org.springframework.boot.test.autoconfigure.web.servlet.WebMvcTestContextBootstrapper]
15:28:36.471 [Test worker] INFO org.springframework.boot.test.autoconfigure.web.servlet.WebMvcTestContextBootstrapper - Neither @ContextConfiguration nor @ContextHierarchy found for test class [com.appreciateme.opinion.OpinionControllerTest], using SpringBootContextLoader
15:28:36.473 [Test worker] DEBUG org.springframework.test.context.support.AbstractContextLoader - Did not detect default resource location for test class [com.appreciateme.opinion.OpinionControllerTest]: class path resource [com/appreciateme/opinion/OpinionControllerTest-context.xml] does not exist
15:28:36.473 [Test worker] DEBUG org.springframework.test.context.support.AbstractContextLoader - Did not detect default resource location for test class [com.appreciateme.opinion.OpinionControllerTest]: class path resource [com/appreciateme/opinion/OpinionControllerTestContext.groovy] does not exist
15:28:36.473 [Test worker] INFO org.springframework.test.context.support.AbstractContextLoader - Could not detect default resource locations for test class [com.appreciateme.opinion.OpinionControllerTest]: no resource found for suffixes {-context.xml, Context.groovy}.
15:28:36.473 [Test worker] INFO org.springframework.test.context.support.AnnotationConfigContextLoaderUtils - Could not detect default configuration classes for test class [com.appreciateme.opinion.OpinionControllerTest]: OpinionControllerTest does not declare any static, non-private, non-final, nested classes annotated with @Configuration.
15:28:36.507 [Test worker] DEBUG org.springframework.test.context.support.ActiveProfilesUtils - Could not find an 'annotation declaring class' for annotation type [org.springframework.test.context.ActiveProfiles] and class [com.appreciateme.opinion.OpinionControllerTest]
15:28:36.532 [Test worker] DEBUG org.springframework.context.annotation.ClassPathScanningCandidateComponentProvider - Identified candidate component class: file [/Users/abaranski/internship/appreciate-me/feature-opinion-service/build/classes/java/main/com/appreciateme/opinion/OpinionServiceApplication.class]
15:28:36.536 [Test worker] INFO org.springframework.boot.test.context.SpringBootTestContextBootstrapper - Found @SpringBootConfiguration com.appreciateme.opinion.OpinionServiceApplication for test class com.appreciateme.opinion.OpinionControllerTest
15:28:36.537 [Test worker] DEBUG org.springframework.boot.test.autoconfigure.web.servlet.WebMvcTestContextBootstrapper - @TestExecutionListeners is not present for class [com.appreciateme.opinion.OpinionControllerTest]: using defaults.
15:28:36.538 [Test worker] INFO org.springframework.boot.test.autoconfigure.web.servlet.WebMvcTestContextBootstrapper - Loaded default TestExecutionListener class names from location [META-INF/spring.factories]: [org.springframework.boot.test.autoconfigure.restdocs.RestDocsTestExecutionListener, org.springframework.boot.test.autoconfigure.web.client.MockRestServiceServerResetTestExecutionListener, org.springframework.boot.test.autoconfigure.web.servlet.MockMvcPrintOnlyOnFailureTestExecutionListener, org.springframework.boot.test.autoconfigure.web.servlet.WebDriverTestExecutionListener, org.springframework.boot.test.autoconfigure.webservices.client.MockWebServiceServerTestExecutionListener, org.springframework.boot.test.mock.mockito.MockitoTestExecutionListener, org.springframework.boot.test.mock.mockito.ResetMocksTestExecutionListener, org.springframework.test.context.web.ServletTestExecutionListener, org.springframework.test.context.support.DirtiesContextBeforeModesTestExecutionListener, org.springframework.test.context.event.ApplicationEventsTestExecutionListener, org.springframework.test.context.support.DependencyInjectionTestExecutionListener, org.springframework.test.context.support.DirtiesContextTestExecutionListener, org.springframework.test.context.transaction.TransactionalTestExecutionListener, org.springframework.test.context.jdbc.SqlScriptsTestExecutionListener, org.springframework.test.context.event.EventPublishingTestExecutionListener]
15:28:36.545 [Test worker] INFO org.springframework.boot.test.autoconfigure.web.servlet.WebMvcTestContextBootstrapper - Using TestExecutionListeners: [org.springframework.test.context.web.ServletTestExecutionListener@5c10f1c3, org.springframework.test.context.support.DirtiesContextBeforeModesTestExecutionListener@7ac2e39b, org.springframework.test.context.event.ApplicationEventsTestExecutionListener@78365cfa, org.springframework.boot.test.mock.mockito.MockitoTestExecutionListener@64a8c844, org.springframework.boot.test.autoconfigure.SpringBootDependencyInjectionTestExecutionListener@3f6db3fb, org.springframework.test.context.support.DirtiesContextTestExecutionListener@52de51b6, org.springframework.test.context.transaction.TransactionalTestExecutionListener@18c5069b, org.springframework.test.context.jdbc.SqlScriptsTestExecutionListener@3a0d172f, org.springframework.test.context.event.EventPublishingTestExecutionListener@68ad99fe, org.springframework.boot.test.autoconfigure.restdocs.RestDocsTestExecutionListener@485e36bc, org.springframework.boot.test.autoconfigure.web.client.MockRestServiceServerResetTestExecutionListener@781f10f2, org.springframework.boot.test.autoconfigure.web.servlet.MockMvcPrintOnlyOnFailureTestExecutionListener@2a79d4b1, org.springframework.boot.test.autoconfigure.web.servlet.WebDriverTestExecutionListener@2e9fda69, org.springframework.boot.test.autoconfigure.webservices.client.MockWebServiceServerTestExecutionListener@17cdf2d0, org.springframework.boot.test.mock.mockito.ResetMocksTestExecutionListener@1755e85b]
15:28:36.546 [Test worker] DEBUG org.springframework.test.context.support.AbstractDirtiesContextTestExecutionListener - Before test class: context [DefaultTestContext@bf1ec20 testClass = OpinionControllerTest, testInstance = [null], testMethod = [null], testException = [null], mergedContextConfiguration = [WebMergedContextConfiguration@70efb718 testClass = OpinionControllerTest, locations = '{}', classes = '{class com.appreciateme.opinion.OpinionServiceApplication}', contextInitializerClasses = '[]', activeProfiles = '{}', propertySourceLocations = '{}', propertySourceProperties = '{org.springframework.boot.test.autoconfigure.web.servlet.WebMvcTestContextBootstrapper=true}', contextCustomizers = set[org.springframework.boot.test.autoconfigure.OverrideAutoConfigurationContextCustomizerFactory$DisableAutoConfigurationContextCustomizer@3cdf2c61, org.springframework.boot.test.autoconfigure.actuate.metrics.MetricsExportContextCustomizerFactory$DisableMetricExportContextCustomizer@673be18f, org.springframework.boot.test.autoconfigure.filter.TypeExcludeFiltersContextCustomizer@3c870c1d, org.springframework.boot.test.autoconfigure.properties.PropertyMappingContextCustomizer@e7f36fb7, org.springframework.boot.test.autoconfigure.web.servlet.WebDriverContextCustomizerFactory$Customizer@40db2a24, [ImportsContextCustomizer@b70da4c key = [org.springframework.boot.autoconfigure.cache.CacheAutoConfiguration, org.springframework.boot.autoconfigure.context.MessageSourceAutoConfiguration, org.springframework.boot.autoconfigure.data.web.SpringDataWebAutoConfiguration, org.springframework.boot.autoconfigure.freemarker.FreeMarkerAutoConfiguration, org.springframework.boot.autoconfigure.groovy.template.GroovyTemplateAutoConfiguration, org.springframework.boot.autoconfigure.gson.GsonAutoConfiguration, org.springframework.boot.autoconfigure.hateoas.HypermediaAutoConfiguration, org.springframework.boot.autoconfigure.http.HttpMessageConvertersAutoConfiguration, org.springframework.boot.autoconfigure.jackson.JacksonAutoConfiguration, org.springframework.boot.autoconfigure.jsonb.JsonbAutoConfiguration, org.springframework.boot.autoconfigure.mustache.MustacheAutoConfiguration, org.springframework.boot.autoconfigure.task.TaskExecutionAutoConfiguration, org.springframework.boot.autoconfigure.thymeleaf.ThymeleafAutoConfiguration, org.springframework.boot.autoconfigure.validation.ValidationAutoConfiguration, org.springframework.boot.autoconfigure.web.servlet.error.ErrorMvcAutoConfiguration, org.springframework.boot.autoconfigure.web.servlet.HttpEncodingAutoConfiguration, org.springframework.boot.autoconfigure.web.servlet.WebMvcAutoConfiguration, org.springframework.boot.test.autoconfigure.web.servlet.MockMvcAutoConfiguration, org.springframework.boot.test.autoconfigure.web.servlet.MockMvcWebClientAutoConfiguration, org.springframework.boot.test.autoconfigure.web.servlet.MockMvcWebDriverAutoConfiguration, org.springframework.boot.autoconfigure.security.oauth2.client.servlet.OAuth2ClientAutoConfiguration, org.springframework.boot.autoconfigure.security.oauth2.resource.servlet.OAuth2ResourceServerAutoConfiguration, org.springframework.boot.autoconfigure.security.servlet.SecurityAutoConfiguration, org.springframework.boot.autoconfigure.security.servlet.SecurityFilterAutoConfiguration, org.springframework.boot.autoconfigure.security.servlet.UserDetailsServiceAutoConfiguration, org.springframework.boot.test.autoconfigure.web.servlet.MockMvcSecurityConfiguration, org.springframework.boot.test.autoconfigure.web.reactive.WebTestClientAutoConfiguration]], org.springframework.boot.test.context.filter.ExcludeFilterContextCustomizer@4748a0f9, org.springframework.boot.test.json.DuplicateJsonObjectContextCustomizerFactory$DuplicateJsonObjectContextCustomizer@1a6c1270, org.springframework.boot.test.mock.mockito.MockitoContextCustomizer@a8120087, org.springframework.boot.test.context.SpringBootTestArgs@1, org.springframework.boot.test.context.SpringBootTestWebEnvironment@0], resourceBasePath = 'src/main/webapp', contextLoader = 'org.springframework.boot.test.context.SpringBootContextLoader', parent = [null]], attributes = map[[empty]]], class annotated with @DirtiesContext [false] with mode [null].

  .   ____          _            __ _ _
 /\\ / ___'_ __ _ _(_)_ __  __ _ \ \ \ \
( ( )\___ | '_ | '_| | '_ \/ _` | \ \ \ \
 \\/  ___)| |_)| | | | | || (_| |  ) ) ) )
  '  |____| .__|_| |_|_| |_\__, | / / / /
 =========|_|==============|___/=/_/_/_/
 :: Spring Boot ::                (v2.7.4)

2022-10-20 15:28:36.719  INFO 5408 --- [    Test worker] c.a.opinion.OpinionControllerTest        : Starting OpinionControllerTest using Java 18.0.1.1 on C12422 with PID 5408 (started by abaranski in /Users/abaranski/internship/appreciate-me/feature-opinion-service)
2022-10-20 15:28:36.719  INFO 5408 --- [    Test worker] c.a.opinion.OpinionControllerTest        : No active profile set, falling back to 1 default profile: "default"
2022-10-20 15:28:37.455  INFO 5408 --- [    Test worker] o.s.b.t.m.w.SpringBootMockServletContext : Initializing Spring TestDispatcherServlet ''
2022-10-20 15:28:37.455  INFO 5408 --- [    Test worker] o.s.t.web.servlet.TestDispatcherServlet  : Initializing Servlet ''
2022-10-20 15:28:37.456  INFO 5408 --- [    Test worker] o.s.t.web.servlet.TestDispatcherServlet  : Completed initialization in 1 ms
2022-10-20 15:28:37.470  INFO 5408 --- [    Test worker] c.a.opinion.OpinionControllerTest        : Started OpinionControllerTest in 0.904 seconds (JVM running for 1.409)
]]></system-out>
  <system-err><![CDATA[]]></system-err>
</testsuite>
